2025-06-13 15:50:00 - Request received: Array
(
    [email] => tl26022003@gmail.com
    [ticketId] => 4
)

2025-06-13 15:50:20 - Request received: Array
(
    [email] => tl26022003
    [ticketId] => 4
)

2025-06-13 15:50:26 - Request received: Array
(
    [email] => tl26022003@gmail.com
    [ticketId] => 4
)

2025-06-13 15:50:27 - Request received: Array
(
    [email] => tl26022003@gmail.com
    [ticketId] => 4
)

2025-06-13 15:50:33 - Request received: Array
(
    [email] => tl26022003@gmail.com
    [ticketId] => 4
)

2025-06-13 15:53:32 - Request received: Array
(
    [email] => tl26022003@gmail.com
    [ticketId] => 4
)

2025-06-13 15:56:26 - Request received: Array
(
    [email] => tl26022003@gmail.com
    [ticketId] => 4
)

2025-06-13 15:57:26 - Request received: Array
(
    [email] => tlg26022003@gmail.com
    [ticketId] => 4
)

2025-06-13 16:07:46 - Request received: Array
(
    [email] => tl26022003@gmail.com
    [ticketId] => 4
)

2025-06-13 16:10:59 - Request received: Array
(
    [email] => tlg26022003@gmail.com
    [ticketId] => 3
)

2025-06-13 16:11:09 - Request received: Array
(
    [email] => tl26022003@gmail.com
    [ticketId] => 3
)

2025-06-13 16:11:24 - Request received: Array
(
    [email] => tl26022003@gmail.com
    [ticketId] => 3
)

